Arguments: 
  C:\Program Files\nodejs\node.exe C:\Program Files (x86)\Yarn\bin\yarn.js

PATH: 
  C:\tools\miniconda3\envs\node-gyp;C:\tools\miniconda3\envs\node-gyp\Library\mingw-w64\bin;C:\tools\miniconda3\envs\node-gyp\Library\usr\bin;C:\tools\miniconda3\envs\node-gyp\Library\bin;C:\tools\miniconda3\envs\node-gyp\Scripts;C:\tools\miniconda3\envs\node-gyp\bin;C:\tools\miniconda3\condabin;C:\tools\ruby27\bin;C:\tools\miniconda3 ADD_CMAKE_TO_PATH=User;C:\tools\miniconda3 ADD_CMAKE_TO_PATH=User\Library\mingw-w64\bin;C:\tools\miniconda3 ADD_CMAKE_TO_PATH=User\Library\usr\bin;C:\tools\miniconda3 ADD_CMAKE_TO_PATH=User\Library\bin;C:\tools\miniconda3 ADD_CMAKE_TO_PATH=User\Scripts;C:\Program Files\NVIDIA GPU Computing Toolkit\CUDA\v10.1\bin;C:\Program Files\NVIDIA GPU Computing Toolkit\CUDA\v10.1\libnvvp;C:\tools\ruby26\bin;C:\OCaml\bin;C:\ProgramData\DockerDesktop\version-bin;C:\Program Files\Docker\Docker\Resources\bin;C:\tools\miniconda3;C:\tools\miniconda3\Library\mingw-w64\bin;C:\tools\miniconda3\Library\usr\bin;C:\tools\miniconda3\Library\bin;C:\tools\miniconda3\Scripts;C:\tools\ruby25\bin;C:\Program Files\Docker\Docker\resources\bin;C:\Windows\System32;C:\Windows;C:\Windows\System32\wbem;C:\Windows\System32\WindowsPowerShell\v1.0;C:\Windows\System32\OpenSSH;C:\ProgramData\chocolatey\bin;C:\Program Files\Calibre2;C:\Program Files\LLVM\bin;C:\Program Files (x86)\wapt;C:\Program Files\Java\jdk1.8.0_172\bin;C:\Program Files\Microsoft SQL Server\130\Tools\Binn;C:\Program Files\PostgreSQL\pg10\bin;C:\Program Files\gnuplot\bin;C:\Program Files\postgresql\10\bin;C:\WINDOWS\system32;C:\WINDOWS;C:\WINDOWS\System32\Wbem;C:\WINDOWS\System32\WindowsPowerShell\v1.0;C:\WINDOWS\System32\OpenSSH;C:\Program Files\MiKTeX 2.9\miktex\bin\x64;C:\Strawberry\c\bin;C:\Strawberry\perl\site\bin;C:\Strawberry\perl\bin;C:\Program Files (x86)\Intel\Intel(R) Management Engine Components\DAL;C:\Program Files\Intel\Intel(R) Management Engine Components\DAL;C:\WINDOWS\system32;C:\WINDOWS;C:\WINDOWS\System32\Wbem;C:\WINDOWS\System32\WindowsPowerShell\v1.0;C:\WINDOWS\System32\OpenSSH;C:\tools\BCURRAN3;C:\Program Files (x86)\GnuPG\bin;C:\Program Files\NVIDIA Corporation\Nsight Compute 2019.4.0;C:\Program Files (x86)\Yarn\bin;C:\Rtools\bin;C:\Rtools\mingw_64\bin;C:\Program Files\Git\cmd;C:\Program Files\nodejs;C:\Program Files\dotnet;C:\Users\Franc\.windows-build-tools\python27;C:\Program Files\nodejs\node_modules\npm\node_modules\npm-lifecycle\node-gyp-bin;C:\Users\Franc\.cargo\bin;C:\Users\Franc\AppData\Local\Microsoft\WindowsApps;C:\Program Files\Microsoft VS Code\bin;C:\Program Files\Microsoft\R Open\R-3.5.3\bin\x64;C:\Users\Franc\AppData\Local\Pandoc;C:\Users\Franc\.dotnet\tools;C:\Users\Franc\AppData\Local\Programs\Microsoft VS Code\bin;C:\Program Files\heroku\bin;C:\Users\Franc\AppData\Local\Gource\cmd;C:\Program Files\Oracle\VirtualBox;C:\Users\Franc\AppData\Local\Microsoft\WindowsApps;C:\Users\Franc\AppData\Roaming\cabal\bin;C:\ProgramData\chocolatey\lib\ghc\tools\ghc-8.8.1\bin;C:\Program Files\Inkscape;C:\Users\Franc\AppData\Local\Yarn\bin;C:\Users\Franc\AppData\Roaming\npm;C:\ProgramData\chocolatey\lib\ghc\tools\ghc-8.10.0.20191122\bin;C:\Program Files (x86)\EaseUS\Todo Backup\bin\x64;C:\tools\miniconda3\lib\site-packages\pywin32_system32

Yarn version: 
  1.21.1

Node version: 
  12.14.1

Platform: 
  win32 x64

Trace: 
  Error: https://registry.yarnpkg.com/onigoruma: Not found
      at Request.params.callback [as _callback] (C:\Program Files (x86)\Yarn\lib\cli.js:66056:18)
      at Request.self.callback (C:\Program Files (x86)\Yarn\lib\cli.js:140665:22)
      at Request.emit (events.js:223:5)
      at Request.<anonymous> (C:\Program Files (x86)\Yarn\lib\cli.js:141637:10)
      at Request.emit (events.js:223:5)
      at IncomingMessage.<anonymous> (C:\Program Files (x86)\Yarn\lib\cli.js:141559:12)
      at Object.onceWrapper (events.js:312:28)
      at IncomingMessage.emit (events.js:228:7)
      at endReadableNT (_stream_readable.js:1185:12)
      at processTicksAndRejections (internal/process/task_queues.js:81:21)

npm manifest: 
  {
    "name": "2018",
    "version": "1.0.0",
    "description": "",
    "main": "index.js",
    "dependencies": {
      "highlight": "^0.2.4",
      "markpress": "^4.0.0",
      "mathjax": "^2.7.5",
      "onigoruma": "^7.2.2",
      "decktape": "^2.11.0"
    },
    "devDependencies": {},
    "scripts": {
      "test": "echo \"Error: no test specified\" && exit 1"
    },
    "author": "",
    "license": "ISC"
  }

yarn manifest: 
  No manifest

Lockfile: 
  No lockfile
